[Sun Feb 23 17:22:18 2025 - ver 30.19]
Updating computer information on the server
Exchanging program options with server
Getting assignment from server
PrimeNet success code with additional info:
Server assigned PRP work.
Got assignment FF6EBD0E687CA1507D1710464A61A370: PRP M140173927
Sending expected completion date for M140173927: Jun  8 2025
[Sun Feb 23 17:46:30 2025 - ver 30.19]
Updating computer information on the server
Exchanging program options with server
Exchanging program options with server
Sending expected completion date for M140173927: Jun  7 2025
[Mon Feb 24 17:46:32 2025 - ver 30.19]
Updating computer information on the server
Sending expected completion date for M140173927: Jun  5 2025
[Tue Feb 25 17:46:33 2025 - ver 30.19]
Updating computer information on the server
Sending expected completion date for M140173927: May 31 2025
[Wed Feb 26 17:46:35 2025 - ver 30.19]
Updating computer information on the server
Sending expected completion date for M140173927: May 26 2025
[Thu Feb 27 17:46:36 2025 - ver 30.19]
Updating computer information on the server
Sending expected completion date for M140173927: May 21 2025
[Fri Feb 28 18:53:47 2025 - ver 30.19]
Updating computer information on the server
Sending expected completion date for M140173927: Jun  5 2025
[Sat Mar  1 18:53:48 2025 - ver 30.19]
Updating computer information on the server
Sending expected completion date for M140173927: Jun  1 2025
